Arguments: 
  /nix/store/dj805sw07vvpbxx39c8g67x8qddg0ikw-nodejs-18.12.1/bin/node /nix/store/zdcnqq55qi214j46zgw2qa1jp4dpdf2m-yarn-1.22.19/bin/yarn publish

PATH: 
  /home/runner/Packages/node_modules/.bin:/home/runner/Packages/.config/npm/node_global/bin:/nix/store/bap4d0lpcrhpwmpb8ayjcgkmvfj62lnq-bash-interactive-5.1-p16/bin:/nix/store/pr5n59mb4jzmfx6kanwxly0l07p861fg-patchelf-0.15.0/bin:/nix/store/dq0xwmsk1g0i2ayg6pb7y87na2knzylh-gcc-wrapper-11.3.0/bin:/nix/store/1gf2flfqnpqbr1b4p4qz2f72y42bs56r-gcc-11.3.0/bin:/nix/store/57xv61c5zi8pphjbcwxxjlgc34p61ic9-glibc-2.35-163-bin/bin:/nix/store/a7gvj343m05j2s32xcnwr35v31ynlypr-coreutils-9.1/bin:/nix/store/1d6ian3r8kdzspw8hacjhl3xkp40g1lj-binutils-wrapper-2.39/bin:/nix/store/039g378vc3pc3dvi9dzdlrd0i4q93qwf-binutils-2.39/bin:/nix/store/dj805sw07vvpbxx39c8g67x8qddg0ikw-nodejs-18.12.1/bin:/nix/store/zdcnqq55qi214j46zgw2qa1jp4dpdf2m-yarn-1.22.19/bin:/nix/store/w8jwj7863855anp4vvm8ydxdklnxdp9g-esbuild-0.15.14/bin:/nix/store/6w8n8fy21yjssg8b1dqkds8diad3v75g-typescript-4.8.4/bin:/nix/store/w8q2bwi6rdhsa1dz9i8mqznddk5l7p26-typescript-language-server-3.3.2/bin:/nix/store/18y8p4mjwjy26npih04hfv48wz9czgk3-attr-2.5.1-bin/bin:/nix/store/q8s1kzhsblr2a1p2g0lh2dkcgca1im3z-libcap-2.66/bin:/nix/store/bvihhgw8bh6cqqlj0d4s8cvmm4mqmzfc-pulseaudio-16.1/bin:/nix/store/mydc6f4k2z73xlcz7ilif3v2lcaiqvza-findutils-4.9.0/bin:/nix/store/j9p3g8472iijd50vhdprx0nmk2fqn5gv-diffutils-3.8/bin:/nix/store/89zs7rms6x00xfq4dq6m7mjnhkr8a6r4-gnused-4.8/bin:/nix/store/86bp03jkmsl6f92w0yzg4s59g5mhxwmy-gnugrep-3.7/bin:/nix/store/hwcdqw4jrjnd37wxqgsd47hd0j8bnj09-gawk-5.1.1/bin:/nix/store/cfbhw8r8ags41vwqaz47r583d0p4h4a1-gnutar-1.34/bin:/nix/store/p3m1ndl1lapwrlh698bnb5lvvxh67378-gzip-1.12/bin:/nix/store/a8mhcagrsly7c7mpjrpsnaahk4aax056-bzip2-1.0.8-bin/bin:/nix/store/mblgz65m3zv9x548a3d5m96fj2pbwr09-gnumake-4.3/bin:/nix/store/dsd5gz46hdbdk2rfdimqddhq6m8m8fqs-bash-5.1-p16/bin:/nix/store/v7ljksji50mg3w61dykaa3n3y79n6nil-patch-2.7.6/bin:/nix/store/zlcnmqq14jz5x9439jf937mvayyl63da-xz-5.2.7-bin/bin:/nix/store/y6aj732zm9m87c82fpvf103a1xb22blp-file-5.43/bin:/nix/store/yq0vlv3d2f5si3ibawpq5ay2pc6knixp-nix-2.18.0pre20230808_c0e6466/bin:/nix/store/n8qj14kgnj938ngykwhiwvnq79m6fr9d-prybar-elisp-0.0.0-2e68688/bin:/nix/store/2v4whij98zq4nvn69icixz6495187j0v-prybar-lua-0.0.0-2e68688/bin:/nix/store/8hdf2qkkpcmbj40zwp8h46xpfvzrjqg6-prybar-python3-0.0.0-2e68688/bin:/nix/store/54c2ahp8byw70427wjk1vxx82sc1d11h-prybar-sqlite-0.0.0-2e68688/bin:/nix/store/90b10xg757mch2mfi18rd8xvbj1s3avn-prybar-tcl-0.0.0-2e68688/bin:/nix/store/l7gx9rjpfhvlqbzndk7iy7bfp4qnzssg-stderred-0.1.0/bin:/nix/store/wz5jp9yxipj81f0zrrckz5sibxnnkk5x-upm-0.0.0-0708c25/bin:/nix/store/dfvfbbfqdcdv0qq8jafrwiw0v51adg6i-pid1/bin:/nix/store/ic6qnrphr39fbwjcxkgjp8xlczn15hq1-less-643/bin:/nix/store/whwwhd6ns271bj0ff86ap37i9r9kzi9c-git-2.42.0/bin:/nix/store/r1diwi9xkwqrbkv0mrckh19ppp06r9i4-silver-searcher-2.2.0/bin:/nix/store/3x9jq3l68vxy0ap48xy500g6czvzavhm-bash/bin:/nix/store/vwkvhj69z4qqgmpa2lwm97kabf12p26r-coreutils-9.3/bin:/nix/store/ndx64mdps5p74illylpzq25pi4kbr05x-vscode-cpptools-dap-1.3.1/bin:/nix/store/6lppqybghirwljfwcwbr0z7rzdqncn3j-replit-python-dap-wrapper-1.0.0/bin:/nix/store/d5xnf88adnh45n7qacdyl37sb0qhz0bf-node-dap/bin:/nix/store/k4ww8n0mqbx5ff0aj90jnqi0swr8akla-pydeppaths-1.0.0/bin:/nix/store/90hs7aipck6vz90xpdyb6vjjzlr7ci64-fluxbox/bin:/nix/store/4c4vf6hn63mz2c6cag6f6r9qky9dz4dm-prybar-nodejs-0.0.0-2e68688/bin:/nix/store/p109137pdyy3l8xjzd2zwknhc2l4yj5a-pulseaudio-16.1/bin:/nix/store/146hw02zpnhkn5cabjf3pmdl32clz0jn-rfbproxy-0.0.0-9c8ca29/bin:/nix/store/w9ygdl4vjc272x0kbrnywjmsycnswfng-toml-editor-0.0.0-f121f08/bin:/nix/store/mi0by7pw54j7nn8a9pp8z03rghfhb2ba-nix-editor-0.0.0-fb83e47/bin:/nix/store/xxwdh0kcj077br5vy2kpi6bznwlq6axi-tigervnc-1.13.1/bin:/nix/store/kxxmdnyk9zhn52v8yhjksiq2cx90vyd2-xwininfo-1.1.6/bin:/nix/store/pv89r9i1d8ajin2vp7qfs63nakg7s17k-replbox/bin:/nix/store/0g1lq3vff290wainxdlbz9a18m28pr4r-curl-8.4.0-bin/bin:/nix/store/f5qy259g9b4qh0hwz22z5j5bq3m53cpv-gnutar-1.35/bin:/nix/store/3nbvki8kpyni8nq8q6dbzhrmrpgcbvyz-libglvnd-1.6.0/bin:/nix/store/x8gff7zw0xn2kzj0xi36kwkwh5irl9mw-ripgrep-13.0.0/bin:/nix/store/xnrc27zfxhpwbd8gcmfyh36r4wa5l72j-sd-0.7.6/bin:/nix/store/412vmy2s2w63653mfnk3p6w8m1mbvcwq-apt-get/bin:/nix/store/s50yw8wrq90ajh6q2yg8by4jk0c48ig4-apt/bin:/nix/store/jj38yn79vfwpsasrvg63kz3q3znni1i8-sudo/bin:/nix/store/c0y86k32vs5fb6y3hyqkm8i5xwzbnmdk-replit-git-askpass/bin:/nix/store/xjc5nqs3wxgm3rcpbq8mxg35i2dzhdf6-replit-git-editor/bin:/nix/store/yv982jizv5sd2d26g79y0z08mhlc4rb7-xdg-open/bin:/nix/store/w8jl7avpp9sw6jaskrhwb9qcal3axgrk-moduleit/bin:/nix/store/qm3pivh1y0m3ji8hdli7iqqa2shyh64k-hostingpid1-1.0.8/bin:/nix/store/zlzz2z48s7ry0hkl55xiqp5a73b4mzrg-gcc-wrapper-12.3.0/bin:/nix/store/rzqd859mqsxq4w32lzgbmwlv68sxwwmw-gnumake-4.4.1/bin:/nix/store/yzza2sw03q5dvxrwa1v3ibfx26rjvah5-rippkgs-1.1.0/bin:/nix/store/k211277j1wzgrrmyypi54xk1vvg5rv76-rippkgs-index-1.1.0/bin:/nix/store/nca9ffbfh83d1r2cqg26ljmgj447ilri-man-db-2.11.2/bin:/nix/store/83qm9rii0sd5251bjv8344bz9gg423a9-direnv-2.32.3/bin:/home/runner/.nix-profile/bin:/home/runner/.local/bin:/usr/local/sbin:/usr/local/bin:/usr/sbin:/usr/bin:/sbin:/bin

Yarn version: 
  1.22.19

Node version: 
  18.12.1

Platform: 
  linux x64

Trace: 
  Error: canceled
      at Interface.<anonymous> (/nix/store/zdcnqq55qi214j46zgw2qa1jp4dpdf2m-yarn-1.22.19/libexec/yarn/lib/cli.js:137150:13)
      at Interface.emit (node:events:513:28)
      at [_ttyWrite] [as _ttyWrite] (node:internal/readline/interface:1124:18)
      at ReadStream.onkeypress (node:internal/readline/interface:273:20)
      at ReadStream.emit (node:events:513:28)
      at emitKeys (node:internal/readline/utils:357:14)
      at emitKeys.next (<anonymous>)
      at ReadStream.onData (node:internal/readline/emitKeypressEvents:64:36)
      at ReadStream.emit (node:events:513:28)
      at addChunk (node:internal/streams/readable:324:12)

npm manifest: 
  {
    "name": "@aezen/storage",
    "version": "1.0.2",
    "description": "A simple storage utility class for storing and retrieving variables and objects for Aezen Bot in Discord.",
    "main": "./dist/index.js",
    "module": "./dist/index.js",
    "types": "./dist/index.d.ts",
    "type": "module",
    "scripts": {
      "build": "tsup"
    },
    "private": false,
    "keywords": [
      "Aezen",
      "Aezen bot",
      "AezenBot",
      "storage",
      "container",
      "variables"
    ],
    "repository": "git+https://github.com/AezenBot/packages.git",
    "author": "@aezen",
    "license": "ISC",
    "bugs": {
      "url": "https://github.com/AezenBot/packages/issues"
    },
    "homepage": "https://github.com/AezenBot/packages/tree/main/packages/utilities/storage",
    "dependencies": {}
  }

yarn manifest: 
  No manifest

Lockfile: 
  No lockfile
